220328210916.969 ERROR 'ansible_navigator.actions.run_0d69.run' Can not step back while playbook in progress, :q! to exit
220328210917.796 ERROR 'ansible_navigator.actions.run_0d69.run' Can not step back while playbook in progress, :q! to exit
220328210919.210 ERROR 'ansible_navigator.actions.run_0d69.run' Can not step back while playbook in progress, :q! to exit
220328210920.167 ERROR 'ansible_navigator.actions.run_0d69.run' Can not step back while playbook in progress, :q! to exit
220328210922.525 ERROR 'ansible_navigator.actions.run_0d69.run' Can not step back while playbook in progress, :q! to exit
220328210923.489 ERROR 'ansible_navigator.actions.run_0d69.run' Can not step back while playbook in progress, :q! to exit
220328210923.835 ERROR 'ansible_navigator.actions.run_0d69.run' Can not step back while playbook in progress, :q! to exit
220328210924.039 ERROR 'ansible_navigator.actions.run_0d69.run' Can not step back while playbook in progress, :q! to exit
220328210926.982 ERROR 'ansible_navigator.actions.run_0d69.run' Can not step back while playbook in progress, :q! to exit
220328210927.222 ERROR 'ansible_navigator.actions.run_0d69.run' Can not step back while playbook in progress, :q! to exit
220328210927.398 ERROR 'ansible_navigator.actions.run_0d69.run' Can not step back while playbook in progress, :q! to exit
220328210927.615 ERROR 'ansible_navigator.actions.run_0d69.run' Can not step back while playbook in progress, :q! to exit
220328210927.805 ERROR 'ansible_navigator.actions.run_0d69.run' Can not step back while playbook in progress, :q! to exit
220328210927.941 ERROR 'ansible_navigator.actions.run_0d69.run' Can not step back while playbook in progress, :q! to exit
220328211031.625 ERROR 'ansible_navigator.actions.run_0d69.run' Can not step back while playbook in progress, :q! to exit
220328211034.449 WARNING 'ansible_navigator.run' Dirty exit, killing the pid
220328211044.672 INFO 'ansible_navigator.setup_logger' New ansible-navigator instance, logging initialized
220328211044.672 INFO 'ansible_navigator.setup_logger' New ansible-runner instance, logging initialized
220328211044.672 DEBUG 'ansible_navigator.main' Share directory '/usr/lib/python3.8/share/ansible_navigator' not found (development path)
220328211044.672 DEBUG 'ansible_navigator.main' Share directory '/home/student1/.local/share/ansible_navigator' not found (userbase)
220328211044.672 DEBUG 'ansible_navigator.main' Share directory '/usr/share/ansible_navigator' found (sys.prefix)
220328211044.672 DEBUG 'ansible_navigator.main' Default collection_doc_cache_path set to: /home/student1/.cache/ansible-navigator/collection_doc_cache.db
220328211044.672 DEBUG 'ansible_navigator.main' EDITOR environment variable not set
220328211044.672 DEBUG 'ansible_navigator.main' Default editor_command set to: vi +{line_number} {filename}
220328211044.672 DEBUG 'ansible_navigator.main' No config file set by ANSIBLE_NAVIGATOR_CONFIG
220328211044.673 DEBUG 'ansible_navigator.main' Looking in /home/student1
220328211044.673 DEBUG 'ansible_navigator.main' Looking for '/home/student1/.ansible-navigator.yml', '/home/student1/.ansible-navigator.yaml' and '/home/student1/.ansible-navigator.json'
220328211044.673 DEBUG 'ansible_navigator.main' Found 1: '/home/student1/.ansible-navigator.yml'
220328211044.673 DEBUG 'ansible_navigator.main' Looking in /home/student1/security-workshop/2.1-enrich/playbooks
220328211044.673 DEBUG 'ansible_navigator.main' Looking for '/home/student1/security-workshop/2.1-enrich/playbooks/ansible-navigator.yml', '/home/student1/security-workshop/2.1-enrich/playbooks/ansible-navigator.yaml' and '/home/student1/security-workshop/2.1-enrich/playbooks/ansible-navigator.json'
220328211044.673 DEBUG 'ansible_navigator.main' Found 0: 
220328211044.673 DEBUG 'ansible_navigator.main' All found 1: '/home/student1/.ansible-navigator.yml'
220328211044.673 DEBUG 'ansible_navigator.main' Using: /home/student1/.ansible-navigator.yml
220328211044.673 DEBUG 'ansible_navigator.main' Using settings file at /home/student1/.ansible-navigator.yml in search path
220328211044.673 DEBUG 'ansible_navigator.main' Command provided: 'run enrich_log_sources.yml --mode stadout'
220328211044.673 DEBUG 'ansible_navigator.main' ansible-navigator.ansible-runner.artifact-dir not found in settings file
220328211044.673 DEBUG 'ansible_navigator.main' ansible-navigator.ansible-runner.rotate-artifacts-count not found in settings file
220328211044.673 DEBUG 'ansible_navigator.main' ansible-navigator.ansible-runner.timeout not found in settings file
220328211044.673 DEBUG 'ansible_navigator.main' ansible-navigator.app not found in settings file
220328211044.673 DEBUG 'ansible_navigator.main' ansible-navigator.ansible.cmdline not found in settings file
220328211044.673 DEBUG 'ansible_navigator.main' ansible-navigator.collection-doc-cache-path not found in settings file
220328211044.673 DEBUG 'ansible_navigator.main' ansible-navigator.ansible.config not found in settings file
220328211044.673 DEBUG 'ansible_navigator.main' ansible-navigator.execution-environment.container-options not found in settings file
220328211044.673 DEBUG 'ansible_navigator.main' ansible-navigator.color.enable not found in settings file
220328211044.673 DEBUG 'ansible_navigator.main' ansible-navigator.editor.command not found in settings file
220328211044.673 DEBUG 'ansible_navigator.main' ansible-navigator.editor.console not found in settings file
220328211044.674 DEBUG 'ansible_navigator.main' ansible-navigator.help-config not found in settings file
220328211044.674 DEBUG 'ansible_navigator.main' ansible-navigator.help-doc not found in settings file
220328211044.674 DEBUG 'ansible_navigator.main' ansible-navigator.help-inventory not found in settings file
220328211044.674 DEBUG 'ansible_navigator.main' ansible-navigator.help-playbook not found in settings file
220328211044.674 DEBUG 'ansible_navigator.main' ansible-navigator.inventory-columns not found in settings file
220328211044.674 DEBUG 'ansible_navigator.main' ansible-navigator.logging.append not found in settings file
220328211044.674 DEBUG 'ansible_navigator.main' ansible-navigator.logging.file not found in settings file
220328211044.674 DEBUG 'ansible_navigator.main' ansible-navigator.logging.level not found in settings file
220328211044.674 DEBUG 'ansible_navigator.main' ansible-navigator.mode not found in settings file
220328211044.674 DEBUG 'ansible_navigator.main' ansible-navigator.color.osc4 not found in settings file
220328211044.674 DEBUG 'ansible_navigator.main' ansible-navigator.execution-environment.environment-variables.pass not found in settings file
220328211044.674 DEBUG 'ansible_navigator.main' ansible-navigator.ansible.playbook not found in settings file
220328211044.674 DEBUG 'ansible_navigator.main' ansible-navigator.playbook-artifact.enable not found in settings file
220328211044.674 DEBUG 'ansible_navigator.main' ansible-navigator.playbook-artifact.replay not found in settings file
220328211044.674 DEBUG 'ansible_navigator.main' ansible-navigator.playbook-artifact.save-as not found in settings file
220328211044.674 DEBUG 'ansible_navigator.main' ansible-navigator.documentation.plugin.name not found in settings file
220328211044.674 DEBUG 'ansible_navigator.main' ansible-navigator.documentation.plugin.type not found in settings file
220328211044.674 DEBUG 'ansible_navigator.main' ansible-navigator.execution-environment.environment-variables.set not found in settings file
220328211044.674 DEBUG 'ansible_navigator.main' Completed post processing for ansible_runner_artifact_dir. (changed=False)
220328211044.674 DEBUG 'ansible_navigator.main' Completed post processing for ansible_runner_rotate_artifacts_count. (changed=False)
220328211044.674 DEBUG 'ansible_navigator.main' Completed post processing for ansible_runner_timeout. (changed=False)
220328211044.675 DEBUG 'ansible_navigator.main' Completed post processing for cmdline. (changed=False)
220328211044.675 DEBUG 'ansible_navigator.main' Completed post processing for collection_doc_cache_path. (changed=False)
220328211044.675 DEBUG 'ansible_navigator.main' Completed post processing for container_engine. (changed=False)
220328211044.675 DEBUG 'ansible_navigator.main' Completed post processing for container_options. (changed=False)
220328211044.675 DEBUG 'ansible_navigator.main' Completed post processing for display_color. (changed=False)
220328211044.675 DEBUG 'ansible_navigator.main' Completed post processing for editor_console. (changed=False)
220328211044.675 DEBUG 'ansible_navigator.main' Completed post processing for execution_environment. (changed=False)
220328211044.675 DEBUG 'ansible_navigator.main' Completed post processing for execution_environment_image. (changed=False)
220328211044.675 DEBUG 'ansible_navigator.main' Completed post processing for execution_environment_volume_mounts. (changed=True)
220328211044.675 DEBUG 'ansible_navigator.main'  before: '[{'src': '/etc/ansible/', 'dest': '/etc/ansible/'}]'
220328211044.675 DEBUG 'ansible_navigator.main'  after: '['/etc/ansible/:/etc/ansible/']'
220328211044.675 DEBUG 'ansible_navigator.main' Completed post processing for help_config. (changed=False)
220328211044.675 DEBUG 'ansible_navigator.main' Completed post processing for help_doc. (changed=False)
220328211044.675 DEBUG 'ansible_navigator.main' Completed post processing for help_inventory. (changed=False)
220328211044.675 DEBUG 'ansible_navigator.main' Completed post processing for help_playbook. (changed=False)
220328211044.675 DEBUG 'ansible_navigator.main' Completed post processing for inventory. (changed=False)
220328211044.675 DEBUG 'ansible_navigator.main' Completed post processing for inventory_column. (changed=False)
220328211044.675 DEBUG 'ansible_navigator.main' Completed post processing for log_append. (changed=False)
220328211044.675 DEBUG 'ansible_navigator.main' Completed post processing for log_file. (changed=False)
220328211044.675 DEBUG 'ansible_navigator.main' Completed post processing for mode. (changed=False)
220328211044.675 DEBUG 'ansible_navigator.main' Completed post processing for osc4. (changed=False)
220328211044.676 DEBUG 'ansible_navigator.main' Completed post processing for pass_environment_variable. (changed=False)
220328211044.676 DEBUG 'ansible_navigator.main' Completed post processing for playbook. (changed=True)
220328211044.676 DEBUG 'ansible_navigator.main'  before: 'enrich_log_sources.yml'
220328211044.676 DEBUG 'ansible_navigator.main'  after: '/home/student1/security-workshop/2.1-enrich/playbooks/enrich_log_sources.yml'
220328211044.676 DEBUG 'ansible_navigator.main' Completed post processing for playbook_artifact_enable. (changed=False)
220328211044.676 DEBUG 'ansible_navigator.main' Completed post processing for playbook_artifact_replay. (changed=False)
220328211044.676 DEBUG 'ansible_navigator.main' Completed post processing for plugin_name. (changed=False)
220328211044.676 DEBUG 'ansible_navigator.main' Completed post processing for set_environment_variable. (changed=False)
220328211044.676 WARNING 'ansible_navigator.main' Configuration errors encountered, rolling back to previous configuration.
220328211044.676 DEBUG 'ansible_navigator.main' Prior to rollback: ansible_runner_artifact_dir = 'Constants.NOT_SET' (Constants/value has not been set)
220328211044.676 DEBUG 'ansible_navigator.main' Prior to rollback: ansible_runner_rotate_artifacts_count = 'Constants.NOT_SET' (Constants/value has not been set)
220328211044.676 DEBUG 'ansible_navigator.main' Prior to rollback: ansible_runner_timeout = 'Constants.NOT_SET' (Constants/value has not been set)
220328211044.676 DEBUG 'ansible_navigator.main' Prior to rollback: app = 'run' (str/cli parameters)
220328211044.676 DEBUG 'ansible_navigator.main' Prior to rollback: cmdline = 'Constants.NOT_SET' (Constants/value has not been set)
220328211044.676 DEBUG 'ansible_navigator.main' Prior to rollback: collection_doc_cache_path = '/home/student1/.cache/ansible-navigator/collection_doc_cache.db' (str/default configuration value)
220328211044.676 DEBUG 'ansible_navigator.main' Prior to rollback: config = 'Constants.NOT_SET' (Constants/value has not been set)
220328211044.676 DEBUG 'ansible_navigator.main' Prior to rollback: container_engine = 'podman' (str/user provided configuration file)
220328211044.676 DEBUG 'ansible_navigator.main' Prior to rollback: container_options = 'Constants.NOT_SET' (Constants/value has not been set)
220328211044.676 DEBUG 'ansible_navigator.main' Prior to rollback: display_color = 'True' (bool/default configuration value)
220328211044.676 DEBUG 'ansible_navigator.main' Prior to rollback: editor_command = 'vi +{line_number} {filename}' (str/default configuration value)
220328211044.676 DEBUG 'ansible_navigator.main' Prior to rollback: editor_console = 'True' (bool/default configuration value)
220328211044.676 DEBUG 'ansible_navigator.main' Prior to rollback: execution_environment = 'True' (bool/user provided configuration file)
220328211044.677 DEBUG 'ansible_navigator.main' Prior to rollback: execution_environment_image = 'quay.io/acme_corp/security_ee:latest' (str/user provided configuration file)
220328211044.677 DEBUG 'ansible_navigator.main' Prior to rollback: execution_environment_volume_mounts = '['/etc/ansible/:/etc/ansible/']' (list/user provided configuration file)
220328211044.677 DEBUG 'ansible_navigator.main' Prior to rollback: help_config = 'False' (bool/default configuration value)
220328211044.677 DEBUG 'ansible_navigator.main' Prior to rollback: help_doc = 'False' (bool/default configuration value)
220328211044.677 DEBUG 'ansible_navigator.main' Prior to rollback: help_inventory = 'False' (bool/default configuration value)
220328211044.677 DEBUG 'ansible_navigator.main' Prior to rollback: help_playbook = 'False' (bool/default configuration value)
220328211044.677 DEBUG 'ansible_navigator.main' Prior to rollback: inventory = '['/home/student1/lab_inventory/hosts']' (list/user provided configuration file)
220328211044.677 DEBUG 'ansible_navigator.main' Prior to rollback: inventory_column = 'Constants.NOT_SET' (Constants/value has not been set)
220328211044.677 DEBUG 'ansible_navigator.main' Prior to rollback: log_append = 'True' (bool/default configuration value)
220328211044.677 DEBUG 'ansible_navigator.main' Prior to rollback: log_file = '/home/student1/security-workshop/2.1-enrich/playbooks/ansible-navigator.log' (str/default configuration value)
220328211044.677 DEBUG 'ansible_navigator.main' Prior to rollback: log_level = 'warning' (str/default configuration value)
220328211044.677 DEBUG 'ansible_navigator.main' Prior to rollback: mode = 'stadout' (str/cli parameters)
220328211044.677 DEBUG 'ansible_navigator.main' Prior to rollback: osc4 = 'True' (bool/default configuration value)
220328211044.677 DEBUG 'ansible_navigator.main' Prior to rollback: pass_environment_variable = 'Constants.NOT_SET' (Constants/value has not been set)
220328211044.677 DEBUG 'ansible_navigator.main' Prior to rollback: playbook = '/home/student1/security-workshop/2.1-enrich/playbooks/enrich_log_sources.yml' (str/cli parameters)
220328211044.677 DEBUG 'ansible_navigator.main' Prior to rollback: playbook_artifact_enable = 'True' (bool/default configuration value)
220328211044.677 DEBUG 'ansible_navigator.main' Prior to rollback: playbook_artifact_replay = 'Constants.NOT_SET' (Constants/value has not been set)
220328211044.677 DEBUG 'ansible_navigator.main' Prior to rollback: playbook_artifact_save_as = '{playbook_dir}/{playbook_name}-artifact-{ts_utc}.json' (str/default configuration value)
220328211044.677 DEBUG 'ansible_navigator.main' Prior to rollback: plugin_name = 'Constants.NOT_SET' (Constants/value has not been set)
220328211044.678 DEBUG 'ansible_navigator.main' Prior to rollback: plugin_type = 'module' (str/default configuration value)
220328211044.678 DEBUG 'ansible_navigator.main' Prior to rollback: pull_policy = 'missing' (str/user provided configuration file)
220328211044.678 DEBUG 'ansible_navigator.main' Prior to rollback: set_environment_variable = 'Constants.NOT_SET' (Constants/value has not been set)
220328211044.678 DEBUG 'ansible_navigator.main' After rollback: ansible_runner_artifact_dir = 'Constants.NOT_SET' (Constants/value has not been set)
220328211044.678 DEBUG 'ansible_navigator.main' After rollback: ansible_runner_rotate_artifacts_count = 'Constants.NOT_SET' (Constants/value has not been set)
220328211044.678 DEBUG 'ansible_navigator.main' After rollback: ansible_runner_timeout = 'Constants.NOT_SET' (Constants/value has not been set)
220328211044.678 DEBUG 'ansible_navigator.main' After rollback: app = 'Constants.NOT_SET' (Constants/value has not been set)
220328211044.678 DEBUG 'ansible_navigator.main' After rollback: cmdline = 'Constants.NOT_SET' (Constants/value has not been set)
220328211044.678 DEBUG 'ansible_navigator.main' After rollback: collection_doc_cache_path = 'Constants.NOT_SET' (Constants/value has not been set)
220328211044.678 DEBUG 'ansible_navigator.main' After rollback: config = 'Constants.NOT_SET' (Constants/value has not been set)
220328211044.678 DEBUG 'ansible_navigator.main' After rollback: container_engine = 'Constants.NOT_SET' (Constants/value has not been set)
220328211044.678 DEBUG 'ansible_navigator.main' After rollback: container_options = 'Constants.NOT_SET' (Constants/value has not been set)
220328211044.678 DEBUG 'ansible_navigator.main' After rollback: display_color = 'Constants.NOT_SET' (Constants/value has not been set)
220328211044.678 DEBUG 'ansible_navigator.main' After rollback: editor_command = 'Constants.NOT_SET' (Constants/value has not been set)
220328211044.678 DEBUG 'ansible_navigator.main' After rollback: editor_console = 'Constants.NOT_SET' (Constants/value has not been set)
220328211044.678 DEBUG 'ansible_navigator.main' After rollback: execution_environment = 'Constants.NOT_SET' (Constants/value has not been set)
220328211044.678 DEBUG 'ansible_navigator.main' After rollback: execution_environment_image = 'Constants.NOT_SET' (Constants/value has not been set)
220328211044.678 DEBUG 'ansible_navigator.main' After rollback: execution_environment_volume_mounts = 'Constants.NOT_SET' (Constants/value has not been set)
220328211044.678 DEBUG 'ansible_navigator.main' After rollback: help_config = 'Constants.NOT_SET' (Constants/value has not been set)
220328211044.678 DEBUG 'ansible_navigator.main' After rollback: help_doc = 'Constants.NOT_SET' (Constants/value has not been set)
220328211044.678 DEBUG 'ansible_navigator.main' After rollback: help_inventory = 'Constants.NOT_SET' (Constants/value has not been set)
220328211044.679 DEBUG 'ansible_navigator.main' After rollback: help_playbook = 'Constants.NOT_SET' (Constants/value has not been set)
220328211044.679 DEBUG 'ansible_navigator.main' After rollback: inventory = 'Constants.NOT_SET' (Constants/value has not been set)
220328211044.679 DEBUG 'ansible_navigator.main' After rollback: inventory_column = 'Constants.NOT_SET' (Constants/value has not been set)
220328211044.679 DEBUG 'ansible_navigator.main' After rollback: log_append = 'Constants.NOT_SET' (Constants/value has not been set)
220328211044.679 DEBUG 'ansible_navigator.main' After rollback: log_file = 'Constants.NOT_SET' (Constants/value has not been set)
220328211044.679 DEBUG 'ansible_navigator.main' After rollback: log_level = 'Constants.NOT_SET' (Constants/value has not been set)
220328211044.679 DEBUG 'ansible_navigator.main' After rollback: mode = 'Constants.NOT_SET' (Constants/value has not been set)
220328211044.679 DEBUG 'ansible_navigator.main' After rollback: osc4 = 'Constants.NOT_SET' (Constants/value has not been set)
220328211044.679 DEBUG 'ansible_navigator.main' After rollback: pass_environment_variable = 'Constants.NOT_SET' (Constants/value has not been set)
220328211044.679 DEBUG 'ansible_navigator.main' After rollback: playbook = 'Constants.NOT_SET' (Constants/value has not been set)
220328211044.679 DEBUG 'ansible_navigator.main' After rollback: playbook_artifact_enable = 'Constants.NOT_SET' (Constants/value has not been set)
220328211044.679 DEBUG 'ansible_navigator.main' After rollback: playbook_artifact_replay = 'Constants.NOT_SET' (Constants/value has not been set)
220328211044.679 DEBUG 'ansible_navigator.main' After rollback: playbook_artifact_save_as = 'Constants.NOT_SET' (Constants/value has not been set)
220328211044.679 DEBUG 'ansible_navigator.main' After rollback: plugin_name = 'Constants.NOT_SET' (Constants/value has not been set)
220328211044.679 DEBUG 'ansible_navigator.main' After rollback: plugin_type = 'Constants.NOT_SET' (Constants/value has not been set)
220328211044.679 DEBUG 'ansible_navigator.main' After rollback: pull_policy = 'Constants.NOT_SET' (Constants/value has not been set)
220328211044.679 DEBUG 'ansible_navigator.main' After rollback: set_environment_variable = 'Constants.NOT_SET' (Constants/value has not been set)
220328211044.679 DEBUG 'ansible_navigator.main' Configuration rollback complete.
220328211044.679 ERROR 'ansible_navigator.main' Command provided: 'run enrich_log_sources.yml --mode stadout'
220328211044.679 ERROR 'ansible_navigator.main' Subcommand 'run' does not support mode 'stadout'. Supported modes: 'stdout' and 'interactive'.
220328211044.679 INFO 'ansible_navigator.main' Try again with '-m stdout' or '-m interactive'
220328211044.680 ERROR 'ansible_navigator.main' mode must be one of 'stdout' or 'interactive', but set as 'stadout' in cli parameters
220328211044.680 INFO 'ansible_navigator.main' Try again with '-m stdout' or '-m interactive'
220328211044.680 ERROR 'ansible_navigator.main' Configuration failed, using default log file location: /home/student1/security-workshop/2.1-enrich/playbooks/ansible-navigator.log. Log level set to debug
220328211044.680 INFO 'ansible_navigator.main' Review the hints and log file to see what went wrong: /home/student1/security-workshop/2.1-enrich/playbooks/ansible-navigator.log
220328211729.723 INFO 'ansible_navigator.setup_logger' New ansible-navigator instance, logging initialized
220328211729.723 INFO 'ansible_navigator.setup_logger' New ansible-runner instance, logging initialized
220328211729.723 DEBUG 'ansible_navigator.main' Share directory '/usr/lib/python3.8/share/ansible_navigator' not found (development path)
220328211729.723 DEBUG 'ansible_navigator.main' Share directory '/home/student1/.local/share/ansible_navigator' not found (userbase)
220328211729.724 DEBUG 'ansible_navigator.main' Share directory '/usr/share/ansible_navigator' found (sys.prefix)
220328211729.724 DEBUG 'ansible_navigator.main' Default collection_doc_cache_path set to: /home/student1/.cache/ansible-navigator/collection_doc_cache.db
220328211729.724 DEBUG 'ansible_navigator.main' EDITOR environment variable not set
220328211729.724 DEBUG 'ansible_navigator.main' Default editor_command set to: vi +{line_number} {filename}
220328211729.724 DEBUG 'ansible_navigator.main' No config file set by ANSIBLE_NAVIGATOR_CONFIG
220328211729.724 DEBUG 'ansible_navigator.main' Looking in /home/student1
220328211729.724 DEBUG 'ansible_navigator.main' Looking for '/home/student1/.ansible-navigator.yml', '/home/student1/.ansible-navigator.yaml' and '/home/student1/.ansible-navigator.json'
220328211729.724 DEBUG 'ansible_navigator.main' Found 1: '/home/student1/.ansible-navigator.yml'
220328211729.724 DEBUG 'ansible_navigator.main' Looking in /home/student1/security-workshop/2.1-enrich/playbooks
220328211729.724 DEBUG 'ansible_navigator.main' Looking for '/home/student1/security-workshop/2.1-enrich/playbooks/ansible-navigator.yml', '/home/student1/security-workshop/2.1-enrich/playbooks/ansible-navigator.yaml' and '/home/student1/security-workshop/2.1-enrich/playbooks/ansible-navigator.json'
220328211729.724 DEBUG 'ansible_navigator.main' Found 0: 
220328211729.724 DEBUG 'ansible_navigator.main' All found 1: '/home/student1/.ansible-navigator.yml'
220328211729.724 DEBUG 'ansible_navigator.main' Using: /home/student1/.ansible-navigator.yml
220328211729.724 DEBUG 'ansible_navigator.main' Using settings file at /home/student1/.ansible-navigator.yml in search path
220328211729.724 DEBUG 'ansible_navigator.main' Command provided: 'enrich_snort_rule.yml --mode stdout'
220328211729.724 DEBUG 'ansible_navigator.main' ansible-navigator.ansible-runner.artifact-dir not found in settings file
220328211729.724 DEBUG 'ansible_navigator.main' ansible-navigator.ansible-runner.rotate-artifacts-count not found in settings file
220328211729.724 DEBUG 'ansible_navigator.main' ansible-navigator.ansible-runner.timeout not found in settings file
220328211729.724 DEBUG 'ansible_navigator.main' ansible-navigator.app not found in settings file
220328211729.724 DEBUG 'ansible_navigator.main' ansible-navigator.ansible.cmdline not found in settings file
220328211729.725 DEBUG 'ansible_navigator.main' ansible-navigator.collection-doc-cache-path not found in settings file
220328211729.725 DEBUG 'ansible_navigator.main' ansible-navigator.ansible.config not found in settings file
220328211729.725 DEBUG 'ansible_navigator.main' ansible-navigator.execution-environment.container-options not found in settings file
220328211729.725 DEBUG 'ansible_navigator.main' ansible-navigator.color.enable not found in settings file
220328211729.725 DEBUG 'ansible_navigator.main' ansible-navigator.editor.command not found in settings file
220328211729.725 DEBUG 'ansible_navigator.main' ansible-navigator.editor.console not found in settings file
220328211729.725 DEBUG 'ansible_navigator.main' ansible-navigator.help-config not found in settings file
220328211729.725 DEBUG 'ansible_navigator.main' ansible-navigator.help-doc not found in settings file
220328211729.725 DEBUG 'ansible_navigator.main' ansible-navigator.help-inventory not found in settings file
220328211729.725 DEBUG 'ansible_navigator.main' ansible-navigator.help-playbook not found in settings file
220328211729.725 DEBUG 'ansible_navigator.main' ansible-navigator.inventory-columns not found in settings file
220328211729.725 DEBUG 'ansible_navigator.main' ansible-navigator.logging.append not found in settings file
220328211729.725 DEBUG 'ansible_navigator.main' ansible-navigator.logging.file not found in settings file
220328211729.725 DEBUG 'ansible_navigator.main' ansible-navigator.logging.level not found in settings file
220328211729.725 DEBUG 'ansible_navigator.main' ansible-navigator.mode not found in settings file
220328211729.725 DEBUG 'ansible_navigator.main' ansible-navigator.color.osc4 not found in settings file
220328211729.725 DEBUG 'ansible_navigator.main' ansible-navigator.execution-environment.environment-variables.pass not found in settings file
220328211729.725 DEBUG 'ansible_navigator.main' ansible-navigator.ansible.playbook not found in settings file
220328211729.725 DEBUG 'ansible_navigator.main' ansible-navigator.playbook-artifact.enable not found in settings file
220328211729.725 DEBUG 'ansible_navigator.main' ansible-navigator.playbook-artifact.replay not found in settings file
220328211729.725 DEBUG 'ansible_navigator.main' ansible-navigator.playbook-artifact.save-as not found in settings file
220328211729.725 DEBUG 'ansible_navigator.main' ansible-navigator.documentation.plugin.name not found in settings file
220328211729.726 DEBUG 'ansible_navigator.main' ansible-navigator.documentation.plugin.type not found in settings file
220328211729.726 DEBUG 'ansible_navigator.main' ansible-navigator.execution-environment.environment-variables.set not found in settings file
220328211729.726 WARNING 'ansible_navigator.main' Configuration errors encountered, rolling back to previous configuration.
220328211729.726 DEBUG 'ansible_navigator.main' Prior to rollback: ansible_runner_artifact_dir = 'Constants.NOT_SET' (Constants/value has not been set)
220328211729.726 DEBUG 'ansible_navigator.main' Prior to rollback: ansible_runner_rotate_artifacts_count = 'Constants.NOT_SET' (Constants/value has not been set)
220328211729.726 DEBUG 'ansible_navigator.main' Prior to rollback: ansible_runner_timeout = 'Constants.NOT_SET' (Constants/value has not been set)
220328211729.726 DEBUG 'ansible_navigator.main' Prior to rollback: app = 'welcome' (str/default configuration value)
220328211729.726 DEBUG 'ansible_navigator.main' Prior to rollback: cmdline = 'Constants.NOT_SET' (Constants/value has not been set)
220328211729.726 DEBUG 'ansible_navigator.main' Prior to rollback: collection_doc_cache_path = '/home/student1/.cache/ansible-navigator/collection_doc_cache.db' (str/default configuration value)
220328211729.726 DEBUG 'ansible_navigator.main' Prior to rollback: config = 'Constants.NOT_SET' (Constants/value has not been set)
220328211729.726 DEBUG 'ansible_navigator.main' Prior to rollback: container_engine = 'podman' (str/user provided configuration file)
220328211729.726 DEBUG 'ansible_navigator.main' Prior to rollback: container_options = 'Constants.NOT_SET' (Constants/value has not been set)
220328211729.726 DEBUG 'ansible_navigator.main' Prior to rollback: display_color = 'True' (bool/default configuration value)
220328211729.726 DEBUG 'ansible_navigator.main' Prior to rollback: editor_command = 'vi +{line_number} {filename}' (str/default configuration value)
220328211729.726 DEBUG 'ansible_navigator.main' Prior to rollback: editor_console = 'True' (bool/default configuration value)
220328211729.726 DEBUG 'ansible_navigator.main' Prior to rollback: execution_environment = 'True' (bool/user provided configuration file)
220328211729.726 DEBUG 'ansible_navigator.main' Prior to rollback: execution_environment_image = 'quay.io/acme_corp/security_ee:latest' (str/user provided configuration file)
220328211729.726 DEBUG 'ansible_navigator.main' Prior to rollback: execution_environment_volume_mounts = '[{'src': '/etc/ansible/', 'dest': '/etc/ansible/'}]' (list/user provided configuration file)
220328211729.726 DEBUG 'ansible_navigator.main' Prior to rollback: help_config = 'False' (bool/default configuration value)
220328211729.726 DEBUG 'ansible_navigator.main' Prior to rollback: help_doc = 'False' (bool/default configuration value)
220328211729.726 DEBUG 'ansible_navigator.main' Prior to rollback: help_inventory = 'False' (bool/default configuration value)
220328211729.726 DEBUG 'ansible_navigator.main' Prior to rollback: help_playbook = 'False' (bool/default configuration value)
220328211729.727 DEBUG 'ansible_navigator.main' Prior to rollback: inventory = '['/home/student1/lab_inventory/hosts']' (list/user provided configuration file)
220328211729.727 DEBUG 'ansible_navigator.main' Prior to rollback: inventory_column = 'Constants.NOT_SET' (Constants/value has not been set)
220328211729.727 DEBUG 'ansible_navigator.main' Prior to rollback: log_append = 'True' (bool/default configuration value)
220328211729.727 DEBUG 'ansible_navigator.main' Prior to rollback: log_file = '/home/student1/security-workshop/2.1-enrich/playbooks/ansible-navigator.log' (str/default configuration value)
220328211729.727 DEBUG 'ansible_navigator.main' Prior to rollback: log_level = 'warning' (str/default configuration value)
220328211729.727 DEBUG 'ansible_navigator.main' Prior to rollback: mode = 'interactive' (str/default configuration value)
220328211729.727 DEBUG 'ansible_navigator.main' Prior to rollback: osc4 = 'True' (bool/default configuration value)
220328211729.727 DEBUG 'ansible_navigator.main' Prior to rollback: pass_environment_variable = 'Constants.NOT_SET' (Constants/value has not been set)
220328211729.727 DEBUG 'ansible_navigator.main' Prior to rollback: playbook = 'Constants.NOT_SET' (Constants/value has not been set)
220328211729.727 DEBUG 'ansible_navigator.main' Prior to rollback: playbook_artifact_enable = 'True' (bool/default configuration value)
220328211729.727 DEBUG 'ansible_navigator.main' Prior to rollback: playbook_artifact_replay = 'Constants.NOT_SET' (Constants/value has not been set)
220328211729.727 DEBUG 'ansible_navigator.main' Prior to rollback: playbook_artifact_save_as = '{playbook_dir}/{playbook_name}-artifact-{ts_utc}.json' (str/default configuration value)
220328211729.727 DEBUG 'ansible_navigator.main' Prior to rollback: plugin_name = 'Constants.NOT_SET' (Constants/value has not been set)
220328211729.727 DEBUG 'ansible_navigator.main' Prior to rollback: plugin_type = 'module' (str/default configuration value)
220328211729.727 DEBUG 'ansible_navigator.main' Prior to rollback: pull_policy = 'missing' (str/user provided configuration file)
220328211729.727 DEBUG 'ansible_navigator.main' Prior to rollback: set_environment_variable = 'Constants.NOT_SET' (Constants/value has not been set)
220328211729.727 DEBUG 'ansible_navigator.main' After rollback: ansible_runner_artifact_dir = 'Constants.NOT_SET' (Constants/value has not been set)
220328211729.727 DEBUG 'ansible_navigator.main' After rollback: ansible_runner_rotate_artifacts_count = 'Constants.NOT_SET' (Constants/value has not been set)
220328211729.727 DEBUG 'ansible_navigator.main' After rollback: ansible_runner_timeout = 'Constants.NOT_SET' (Constants/value has not been set)
220328211729.727 DEBUG 'ansible_navigator.main' After rollback: app = 'Constants.NOT_SET' (Constants/value has not been set)
220328211729.727 DEBUG 'ansible_navigator.main' After rollback: cmdline = 'Constants.NOT_SET' (Constants/value has not been set)
220328211729.727 DEBUG 'ansible_navigator.main' After rollback: collection_doc_cache_path = 'Constants.NOT_SET' (Constants/value has not been set)
220328211729.728 DEBUG 'ansible_navigator.main' After rollback: config = 'Constants.NOT_SET' (Constants/value has not been set)
220328211729.728 DEBUG 'ansible_navigator.main' After rollback: container_engine = 'Constants.NOT_SET' (Constants/value has not been set)
220328211729.728 DEBUG 'ansible_navigator.main' After rollback: container_options = 'Constants.NOT_SET' (Constants/value has not been set)
220328211729.728 DEBUG 'ansible_navigator.main' After rollback: display_color = 'Constants.NOT_SET' (Constants/value has not been set)
220328211729.728 DEBUG 'ansible_navigator.main' After rollback: editor_command = 'Constants.NOT_SET' (Constants/value has not been set)
220328211729.728 DEBUG 'ansible_navigator.main' After rollback: editor_console = 'Constants.NOT_SET' (Constants/value has not been set)
220328211729.728 DEBUG 'ansible_navigator.main' After rollback: execution_environment = 'Constants.NOT_SET' (Constants/value has not been set)
220328211729.728 DEBUG 'ansible_navigator.main' After rollback: execution_environment_image = 'Constants.NOT_SET' (Constants/value has not been set)
220328211729.728 DEBUG 'ansible_navigator.main' After rollback: execution_environment_volume_mounts = 'Constants.NOT_SET' (Constants/value has not been set)
220328211729.728 DEBUG 'ansible_navigator.main' After rollback: help_config = 'Constants.NOT_SET' (Constants/value has not been set)
220328211729.728 DEBUG 'ansible_navigator.main' After rollback: help_doc = 'Constants.NOT_SET' (Constants/value has not been set)
220328211729.728 DEBUG 'ansible_navigator.main' After rollback: help_inventory = 'Constants.NOT_SET' (Constants/value has not been set)
220328211729.728 DEBUG 'ansible_navigator.main' After rollback: help_playbook = 'Constants.NOT_SET' (Constants/value has not been set)
220328211729.728 DEBUG 'ansible_navigator.main' After rollback: inventory = 'Constants.NOT_SET' (Constants/value has not been set)
220328211729.728 DEBUG 'ansible_navigator.main' After rollback: inventory_column = 'Constants.NOT_SET' (Constants/value has not been set)
220328211729.728 DEBUG 'ansible_navigator.main' After rollback: log_append = 'Constants.NOT_SET' (Constants/value has not been set)
220328211729.728 DEBUG 'ansible_navigator.main' After rollback: log_file = 'Constants.NOT_SET' (Constants/value has not been set)
220328211729.728 DEBUG 'ansible_navigator.main' After rollback: log_level = 'Constants.NOT_SET' (Constants/value has not been set)
220328211729.728 DEBUG 'ansible_navigator.main' After rollback: mode = 'Constants.NOT_SET' (Constants/value has not been set)
220328211729.728 DEBUG 'ansible_navigator.main' After rollback: osc4 = 'Constants.NOT_SET' (Constants/value has not been set)
220328211729.728 DEBUG 'ansible_navigator.main' After rollback: pass_environment_variable = 'Constants.NOT_SET' (Constants/value has not been set)
220328211729.728 DEBUG 'ansible_navigator.main' After rollback: playbook = 'Constants.NOT_SET' (Constants/value has not been set)
220328211729.729 DEBUG 'ansible_navigator.main' After rollback: playbook_artifact_enable = 'Constants.NOT_SET' (Constants/value has not been set)
220328211729.729 DEBUG 'ansible_navigator.main' After rollback: playbook_artifact_replay = 'Constants.NOT_SET' (Constants/value has not been set)
220328211729.729 DEBUG 'ansible_navigator.main' After rollback: playbook_artifact_save_as = 'Constants.NOT_SET' (Constants/value has not been set)
220328211729.729 DEBUG 'ansible_navigator.main' After rollback: plugin_name = 'Constants.NOT_SET' (Constants/value has not been set)
220328211729.729 DEBUG 'ansible_navigator.main' After rollback: plugin_type = 'Constants.NOT_SET' (Constants/value has not been set)
220328211729.729 DEBUG 'ansible_navigator.main' After rollback: pull_policy = 'Constants.NOT_SET' (Constants/value has not been set)
220328211729.729 DEBUG 'ansible_navigator.main' After rollback: set_environment_variable = 'Constants.NOT_SET' (Constants/value has not been set)
220328211729.729 DEBUG 'ansible_navigator.main' Configuration rollback complete.
220328211729.729 ERROR 'ansible_navigator.main' Command provided: 'enrich_snort_rule.yml --mode stdout'
220328211729.729 ERROR 'ansible_navigator.main' argument {subcommand} --help: invalid choice: 'enrich_snort_rule.yml' (choose from 'collections', 'config', 'doc', 'images', 'inventory', 'replay', 'run', 'welcome')
220328211729.729 ERROR 'ansible_navigator.main' Configuration failed, using default log file location: /home/student1/security-workshop/2.1-enrich/playbooks/ansible-navigator.log. Log level set to debug
220328211729.729 INFO 'ansible_navigator.main' Review the hints and log file to see what went wrong: /home/student1/security-workshop/2.1-enrich/playbooks/ansible-navigator.log
